<?xml version="1.0" encoding="UTF-8"?>
<testsuite name="TicTacToeOnlineTest" tests="1" skipped="0" failures="0" errors="0" timestamp="2023-10-01T06:24:17" hostname="WIN-PK97IO7J39D" time="1.395">
  <properties/>
  <testcase name="start" classname="TicTacToeOnlineTest" time="1.395"/>
  <system-out><![CDATA[?[1;31m
Start test 1?[0m
?[0;34m11:24:17.993 [main] INFO ktor.test - Autoreload is disabled because the development mode is off.
?[0m?[0;34m11:24:18.004 [main] INFO ktor.test - Application started in 0.095 seconds.
?[0;34m
?[0m?[0;34mget("/game/status")
?[0m?[0;34mcall.receiveText() = , isBlank = true
?[0m?[0;34mJson.encodeToString(newGame) = {"game_status":"game not started"}
?[1;31m
Start test 2?[0m
?[0;34m11:24:18.706 [main] INFO ktor.test - Autoreload is disabled because the development mode is off.
?[0m?[0;34m11:24:18.707 [main] INFO ktor.test - Application started in 0.001 seconds.
?[0;34m
?[0m?[0;34mpost("/game")
?[0m?[0;34mcall.receiveText() = { }, isBlank = false
?[0m?[0;34mgameSetupInfo = GameSetupInfo(player1=Player1, player2=Player2, size=3x3)
?[0m?[0;34mcatch => respondForGameStep = {"status":"New game started","player1":"Player1","player2":"Player2","size":"3x3"}
?[0m?[0;34mcatch => newGame = {"game_status":"1st player's move","field":[[" "," "," "],[" "," "," "],[" "," "," "]],"player1":"Player1","player2":"Player2","size":"3x3"}
?[0;34m
?[0m?[0;34mpost("/game")
?[0m?[0;34mcall.receiveText() = {
?[0m?[0;34m    "player1": "Mike",
?[0m?[0;34m    "player2": "Kirk",
?[0m?[0;34m    "size": "2x1"
?[0m?[0;34m}, isBlank = false
?[0m?[0;34mgameSetupInfo = GameSetupInfo(player1=Mike, player2=Kirk, size=2x1)
?[0m?[0;34mtry => respondForGameStep = {"status":"New game started","player1":"Mike","player2":"Kirk","size":"3x3"}
?[0m?[0;34mtry => newGame = {"game_status":"1st player's move","field":[[" "," "," "],[" "," "," "],[" "," "," "]],"player1":"Mike","player2":"Kirk","size":"3x3"}
?[0m?[0;34m
?[0m?[0;34mpost("/game")
?[0m?[0;34mcall.receiveText() = {
?[0m?[0;34m    "player1": "Aug",
?[0m?[0;34m    "player2": "Lol",
?[0m?[0;34m    "size": "fdhdfydrsf"
?[0m?[0;34m}, isBlank = false
?[0m?[0;34mgameSetupInfo = GameSetupInfo(player1=Aug, player2=Lol, size=fdhdfydrsf)
?[0m?[0;34mtry => respondForGameStep = {"status":"New game started","player1":"Aug","player2":"Lol","size":"3x3"}
?[0m?[0;34mtry => newGame = {"game_status":"1st player's move","field":[[" "," "," "],[" "," "," "],[" "," "," "]],"player1":"Aug","player2":"Lol","size":"3x3"}
?[1;31m
Start test 3?[0m
?[0;34m11:24:18.762 [main] INFO ktor.test - Autoreload is disabled because the development mode is off.
?[0m?[0;34m11:24:18.764 [main] INFO ktor.test - Application started in 0.002 seconds.
?[0m?[0;34m
?[0m?[0;34mpost("/game")
?[0m?[0;34mcall.receiveText() = {
?[0m?[0;34m    "player1": "Armageddon",
?[0m?[0;34m    "player2": "Rachel",
?[0m?[0;34m    "size": "2x5"
?[0m?[0;34m}, isBlank = false
?[0m?[0;34mgameSetupInfo = GameSetupInfo(player1=Armageddon, player2=Rachel, size=2x5)
?[0m?[0;34mtry => respondForGameStep = {"status":"New game started","player1":"Armageddon","player2":"Rachel","size":"2x5"}
?[0m?[0;34mtry => newGame = {"game_status":"1st player's move","field":[[" "," "," "," "," "],[" "," "," "," "," "]],"player1":"Armageddon","player2":"Rachel","size":"2x5"}
?[0;34m
?[0m?[0;34mget("/game/status")
?[0m?[0;34mcall.receiveText() = , isBlank = true
?[0m?[0;34mJson.encodeToString(newGame) = {"game_status":"1st player's move","field":[[" "," "," "," "," "],[" "," "," "," "," "]],"player1":"Armageddon","player2":"Rachel","size":"2x5"}
?[1;31m
Start test 4?[0m
?[0;34m11:24:18.812 [main] INFO ktor.test - Autoreload is disabled because the development mode is off.
?[0m?[0;34m11:24:18.813 [main] INFO ktor.test - Application started in 0.003 seconds.
?[0;34m
?[0m?[0;34mpost("/game")
?[0m?[0;34mcall.receiveText() = { }, isBlank = false
?[0m?[0;34mgameSetupInfo = GameSetupInfo(player1=Player1, player2=Player2, size=3x3)
?[0m?[0;34mcatch => respondForGameStep = {"status":"New game started","player1":"Player1","player2":"Player2","size":"3x3"}
?[0m?[0;34mcatch => newGame = {"game_status":"1st player's move","field":[[" "," "," "],[" "," "," "],[" "," "," "]],"player1":"Player1","player2":"Player2","size":"3x3"}
?[0m?[0;34m
?[0m?[0;34mpost("/game/move")
?[0m?[0;34mcall.receiveText() = {
?[0m?[0;34m    "move": "(3,2)"
?[0m?[0;34m}, isBlank = false
?[0m?[0;34mtry => playerMove = {"move":"(3,2)"}
?[0m?[0;34mplayer = 1st player's move
?[0m?[0;34m
?[0m?[0;34mget("/game/status")
?[0m?[0;34mcall.receiveText() = , isBlank = true
?[0m?[0;34mJson.encodeToString(newGame) = {"game_status":"2nd player's move","field":[[" "," "," "],[" "," "," "],[" ","X"," "]],"player1":"Player1","player2":"Player2","size":"3x3"}
?[0m?[0;34m
?[0m?[0;34mpost("/game/move")
?[0m?[0;34mcall.receiveText() = {
?[0m?[0;34m    "move": "(3,3)"
?[0m?[0;34m}, isBlank = false
?[0m?[0;34mtry => playerMove = {"move":"(3,3)"}
?[0m?[0;34mplayer = 2nd player's move
?[0m?[0;34m
?[0m?[0;34mget("/game/status")
?[0m?[0;34mcall.receiveText() = , isBlank = true
?[0m?[0;34mJson.encodeToString(newGame) = {"game_status":"1st player's move","field":[[" "," "," "],[" "," "," "],[" ","X","O"]],"player1":"Player1","player2":"Player2","size":"3x3"}
?[0m?[0;34m
?[0m?[0;34mpost("/game/move")
?[0m?[0;34mcall.receiveText() = {
?[0m?[0;34m    "move": "(2,2)"
?[0m?[0;34m}, isBlank = false
?[0m?[0;34mtry => playerMove = {"move":"(2,2)"}
?[0m?[0;34mplayer = 1st player's move
?[0m?[0;34m
?[0m?[0;34mpost("/game/move")
?[0m?[0;34mcall.receiveText() = {
?[0m?[0;34m    "move": "(2,3)"
?[0m?[0;34m}, isBlank = false
?[0m?[0;34mtry => playerMove = {"move":"(2,3)"}
?[0m?[0;34mplayer = 2nd player's move
?[0m?[0;34m
?[0m?[0;34mpost("/game/move")
?[0m?[0;34mcall.receiveText() = {
?[0m?[0;34m    "move": "(1,2)"
?[0m?[0;34m}, isBlank = false
?[0m?[0;34mtry => playerMove = {"move":"(1,2)"}
?[0m?[0;34mplayer = 1st player's move
?[0m?[0;34m
?[0m?[0;34mget("/game/status")
?[0m?[0;34mcall.receiveText() = , isBlank = true
?[0m?[0;34mJson.encodeToString(newGame) = {"game_status":"1st player won","field":[[" ","X"," "],[" ","X","O"],[" ","X","O"]],"player1":"Player1","player2":"Player2","size":"3x3"}
?[1;31m
Start test 5?[0m
?[0;34m11:24:18.934 [main] INFO ktor.test - Autoreload is disabled because the development mode is off.
?[0m?[0;34m11:24:18.934 [main] INFO ktor.test - Application started in 0.0 seconds.
?[0m?[0;34m
?[0m?[0;34mpost("/game")
?[0m?[0;34mcall.receiveText() = { }, isBlank = false
?[0m?[0;34mgameSetupInfo = GameSetupInfo(player1=Player1, player2=Player2, size=3x3)
?[0m?[0;34mcatch => respondForGameStep = {"status":"New game started","player1":"Player1","player2":"Player2","size":"3x3"}
?[0m?[0;34mcatch => newGame = {"game_status":"1st player's move","field":[[" "," "," "],[" "," "," "],[" "," "," "]],"player1":"Player1","player2":"Player2","size":"3x3"}
?[0m?[0;34m
?[0m?[0;34mpost("/game/move")
?[0m?[0;34mcall.receiveText() = {
?[0m?[0;34m    "move": "(3,2)"
?[0m?[0;34m}, isBlank = false
?[0m?[0;34mtry => playerMove = {"move":"(3,2)"}
?[0m?[0;34mplayer = 1st player's move
?[0m?[0;34m
?[0m?[0;34mpost("/game/move")
?[0m?[0;34mcall.receiveText() = {
?[0m?[0;34m    "move": "(3,2)"
?[0m?[0;34m}, isBlank = false
?[0m?[0;34mtry => playerMove = {"move":"(3,2)"}
?[0m?[0;34m
?[0m?[0;34mpost("/game/move")
?[0m?[0;34mcall.receiveText() = {
?[0m?[0;34m    "move": "(100,100)"
?[0m?[0;34m}, isBlank = false
?[0m?[0;34mtry => playerMove = {"move":"(100,100)"}
?[0m?[0;34m
?[0m?[0;34mpost("/game/move")
?[0m?[0;34mcall.receiveText() = {
?[0m?[0;34m    "move": "segfsfdgfdsg"
?[0m?[0;34m}, isBlank = false
?[0m?[0;34m
?[0m?[0;34mget("/game/status")
?[0m?[0;34mcall.receiveText() = , isBlank = true
?[0m?[0;34mJson.encodeToString(newGame) = {"game_status":"2nd player's move","field":[[" "," "," "],[" "," "," "],[" ","X"," "]],"player1":"Player1","player2":"Player2","size":"3x3"}
?[1;31m
Start test 6?[0m
?[0;34m11:24:18.979 [main] INFO ktor.test - Autoreload is disabled because the development mode is off.
?[0m?[0;34m11:24:18.990 [main] INFO ktor.test - Application started in 0.012 seconds.
?[0m?[0;34m
?[0m?[0;34mpost("/game")
?[0m?[0;34mcall.receiveText() = {
?[0m?[0;34m    "player1": "Armageddon",
?[0m?[0;34m    "player2": "Rachel",
?[0m?[0;34m    "size": "1x10"
?[0m?[0;34m}, isBlank = false
?[0m?[0;34mgameSetupInfo = GameSetupInfo(player1=Armageddon, player2=Rachel, size=1x10)
?[0m?[0;34mtry => respondForGameStep = {"status":"New game started","player1":"Armageddon","player2":"Rachel","size":"1x10"}
?[0m?[0;34mtry => newGame = {"game_status":"1st player's move","field":[[" "," "," "," "," "," "," "," "," "," "]],"player1":"Armageddon","player2":"Rachel","size":"1x10"}
?[0m?[0;34m
?[0m?[0;34mpost("/game/move")
?[0m?[0;34mcall.receiveText() = {
?[0m?[0;34m    "move": "(1,1)"
?[0m?[0;34m}, isBlank = false
?[0m?[0;34mtry => playerMove = {"move":"(1,1)"}
?[0m?[0;34mplayer = 1st player's move
?[0m?[0;34m
?[0m?[0;34mpost("/game/move")
?[0m?[0;34mcall.receiveText() = {
?[0m?[0;34m    "move": "(1,2)"
?[0m?[0;34m}, isBlank = false
?[0m?[0;34mtry => playerMove = {"move":"(1,2)"}
?[0m?[0;34mplayer = 2nd player's move
?[0m?[0;34m
?[0m?[0;34mpost("/game/move")
?[0m?[0;34mcall.receiveText() = {
?[0m?[0;34m    "move": "(1,3)"
?[0m?[0;34m}, isBlank = false
?[0m?[0;34mtry => playerMove = {"move":"(1,3)"}
?[0m?[0;34mplayer = 1st player's move
?[0m?[0;34m
?[0m?[0;34mpost("/game/move")
?[0m?[0;34mcall.receiveText() = {
?[0m?[0;34m    "move": "(1,4)"
?[0m?[0;34m}, isBlank = false
?[0m?[0;34mtry => playerMove = {"move":"(1,4)"}
?[0m?[0;34mplayer = 2nd player's move
?[0m?[0;34m
?[0m?[0;34mpost("/game/move")
?[0m?[0;34mcall.receiveText() = {
?[0m?[0;34m    "move": "(1,5)"
?[0m?[0;34m}, isBlank = false
?[0m?[0;34mtry => playerMove = {"move":"(1,5)"}
?[0m?[0;34mplayer = 1st player's move
?[0m?[0;34m
?[0m?[0;34mpost("/game/move")
?[0m?[0;34mcall.receiveText() = {
?[0m?[0;34m    "move": "(1,6)"
?[0m?[0;34m}, isBlank = false
?[0m?[0;34mtry => playerMove = {"move":"(1,6)"}
?[0m?[0;34mplayer = 2nd player's move
?[0m?[0;34m
?[0m?[0;34mpost("/game/move")
?[0m?[0;34mcall.receiveText() = {
?[0m?[0;34m    "move": "(1,7)"
?[0m?[0;34m}, isBlank = false
?[0m?[0;34mtry => playerMove = {"move":"(1,7)"}
?[0m?[0;34mplayer = 1st player's move
?[0m?[0;34m
?[0m?[0;34mpost("/game/move")
?[0m?[0;34mcall.receiveText() = {
?[0m?[0;34m    "move": "(1,8)"
?[0m?[0;34m}, isBlank = false
?[0m?[0;34mtry => playerMove = {"move":"(1,8)"}
?[0m?[0;34mplayer = 2nd player's move
?[0m?[0;34m
?[0m?[0;34mpost("/game/move")
?[0m?[0;34mcall.receiveText() = {
?[0m?[0;34m    "move": "(1,9)"
?[0m?[0;34m}, isBlank = false
?[0m?[0;34mtry => playerMove = {"move":"(1,9)"}
?[0m?[0;34mplayer = 1st player's move
?[0m?[0;34m
?[0m?[0;34mpost("/game/move")
?[0m?[0;34mcall.receiveText() = {
?[0m?[0;34m    "move": "(1,10)"
?[0m?[0;34m}, isBlank = false
?[0m?[0;34mtry => playerMove = {"move":"(1,10)"}
?[0m?[0;34mplayer = 2nd player's move
?[0m?[0;34m
?[0m?[0;34mget("/game/status")
?[0m?[0;34mcall.receiveText() = , isBlank = true
?[0m?[0;34mJson.encodeToString(newGame) = {"game_status":"draw","field":[["X","O","X","O","X","O","X","O","X","O"]],"player1":"Armageddon","player2":"Rachel","size":"1x10"}
]]></system-out>
  <system-err><![CDATA[]]></system-err>
</testsuite>
