<?xml version="1.0" encoding="UTF-8"?>
<testsuite name="TicTacToeOnlineTest" tests="1" skipped="0" failures="0" errors="0" timestamp="2023-10-03T13:17:04" hostname="WIN-PK97IO7J39D" time="11.265">
  <properties/>
  <testcase name="start" classname="TicTacToeOnlineTest" time="11.265"/>
  <system-out><![CDATA[?[1;31m
Start test 1?[0m
?[1;31m
Start test 2?[0m
?[0;34m18:17:04.937 [main] INFO ktor.test - Autoreload is disabled because the development mode is off.
?[0m?[0;34m18:17:07.340 [main] DEBUG Exposed - SELECT SETTING_VALUE FROM INFORMATION_SCHEMA.SETTINGS WHERE SETTING_NAME = 'MODE'
?[0m?[0;34mSQL: SELECT SETTING_VALUE FROM INFORMATION_SCHEMA.SETTINGS WHERE SETTING_NAME = 'MODE'
?[0m?[0;34m18:17:07.387 [main] DEBUG Exposed - CREATE TABLE IF NOT EXISTS USERS (ID INT AUTO_INCREMENT PRIMARY KEY, EMAIL VARCHAR(255) NOT NULL, PASSWORD VARCHAR(64) NOT NULL)
?[0m?[0;34mSQL: CREATE TABLE IF NOT EXISTS USERS (ID INT AUTO_INCREMENT PRIMARY KEY, EMAIL VARCHAR(255) NOT NULL, PASSWORD VARCHAR(64) NOT NULL)
?[0m?[0;34m18:17:07.392 [main] DEBUG Exposed - ALTER TABLE USERS ADD CONSTRAINT USERS_EMAIL_UNIQUE UNIQUE (EMAIL)
?[0m?[0;34mSQL: ALTER TABLE USERS ADD CONSTRAINT USERS_EMAIL_UNIQUE UNIQUE (EMAIL)
?[0m?[0;34m18:17:07.400 [main] DEBUG Exposed - CREATE TABLE IF NOT EXISTS GAMES (ID INT AUTO_INCREMENT PRIMARY KEY, GAME_ID INT NOT NULL, GAME_STATUS VARCHAR(20) NOT NULL, FIELD TEXT NOT NULL, PLAYER1 VARCHAR(255) NULL, PLAYER2 VARCHAR(255) NULL, "SIZE" VARCHAR(10) NOT NULL, PRIVATE BOOLEAN NOT NULL, TOKEN VARCHAR(32) NULL)
?[0m?[0;34mSQL: CREATE TABLE IF NOT EXISTS GAMES (ID INT AUTO_INCREMENT PRIMARY KEY, GAME_ID INT NOT NULL, GAME_STATUS VARCHAR(20) NOT NULL, FIELD TEXT NOT NULL, PLAYER1 VARCHAR(255) NULL, PLAYER2 VARCHAR(255) NULL, "SIZE" VARCHAR(10) NOT NULL, PRIVATE BOOLEAN NOT NULL, TOKEN VARCHAR(32) NULL)
?[0m?[0;34m18:17:07.416 [main] DEBUG Exposed - CREATE TABLE IF NOT EXISTS GAMEROOMS (ID INT AUTO_INCREMENT PRIMARY KEY, GAME_ID INT NOT NULL, CREATOR INT NOT NULL, CONSTRAINT FK_GAMEROOMS_GAME_ID__ID FOREIGN KEY (GAME_ID) REFERENCES GAMES(ID) ON DELETE RESTRICT ON UPDATE RESTRICT, CONSTRAINT FK_GAMEROOMS_CREATOR__ID FOREIGN KEY (CREATOR) REFERENCES USERS(ID) ON DELETE RESTRICT ON UPDATE RESTRICT)
?[0m?[0;34mSQL: CREATE TABLE IF NOT EXISTS GAMEROOMS (ID INT AUTO_INCREMENT PRIMARY KEY, GAME_ID INT NOT NULL, CREATOR INT NOT NULL, CONSTRAINT FK_GAMEROOMS_GAME_ID__ID FOREIGN KEY (GAME_ID) REFERENCES GAMES(ID) ON DELETE RESTRICT ON UPDATE RESTRICT, CONSTRAINT FK_GAMEROOMS_CREATOR__ID FOREIGN KEY (CREATOR) REFERENCES USERS(ID) ON DELETE RESTRICT ON UPDATE RESTRICT)
?[0m?[0;34m
?[0m?[0;34m----RELOAD NO. 1,  APP RELOADS NO. 1-----
?[0m?[0;34m18:17:07.619 [main] INFO ktor.test - Application started in 2.863 seconds.
?[0;34m
?[0m?[0;34mpost("/game")
?[0m?[0;34m18:17:07.890 [DefaultDispatcher-worker-1 @request#1] DEBUG Exposed - SELECT USERS.ID, USERS.EMAIL, USERS.PASSWORD FROM USERS
?[0m?[0;34mallUser = []
?[0m?[0;34mjwtToken = eyJhbGciOiJIUzI1NiIsInR5cCI6IkpXVCJ9.eyJlbWFpbCI6Im1pcmFAaHlwZXJza2lsbC5vcmcifQ.5_G2rDHUYjJFzrqih0HXGuNTxxQMo6S5A0YFdFD9J8Q
?[0m?[0;34muserEmail from Token = mira@hyperskill.org
?[0m?[0;34mcall.receiveText() = {
?[0m?[0;34m    "player1": "mira@hyperskill.org",
?[0m?[0;34m    "player2": "",
?[0m?[0;34m    "size": "4x3",
?[0m?[0;34m    "private": false
?[0m?[0;34m}, isBlank = false
?[0m?[0;34mnewGameSetup = NewGameSetupDeserializer(player1=mira@hyperskill.org, player2=, size=4x3, private=false)
?[0m?[0;34mfalse
?[0m?[0;34mAfter
?[0m?[0;34m18:17:08.319 [DefaultDispatcher-worker-1 @request#1] DEBUG Exposed - INSERT INTO GAMES (FIELD, GAME_ID, GAME_STATUS, PLAYER1, PRIVATE, "SIZE") VALUES ('[[" "," "," "],[" "," "," "],[" "," "," "],[" "," "," "]]', 1, 'New game started', 'mira@hyperskill.org', FALSE, '4x3')
?[0m?[0;34mgameDAO = tictactoeonline.models.GameDAO@6a06b71
?[0m?[0;34mtry => successGamePathRespond = {"game_id":1,"status":"New game started","player1":"mira@hyperskill.org","player2":"","size":"4x3","private":false,"token":""}
?[0m?[0;34m18:17:08.492 [DefaultDispatcher-worker-1 @request#1] DEBUG Exposed - SELECT GAMES.ID, GAMES.GAME_ID, GAMES.GAME_STATUS, GAMES.FIELD, GAMES.PLAYER1, GAMES.PLAYER2, GAMES."SIZE", GAMES.PRIVATE, GAMES.TOKEN FROM GAMES
?[0m?[0;34mallGames = [((1, 1), (mira@hyperskill.org, null))]
?[0m?[0;34mNOW what
?[0;34m
?[0m?[0;34mpost("/game")
?[0m?[0;34m18:17:08.712 [DefaultDispatcher-worker-3 @request#5] DEBUG Exposed - SELECT USERS.ID, USERS.EMAIL, USERS.PASSWORD FROM USERS
?[0m?[0;34mallUser = []
?[0m?[0;34mjwtToken = eyJhbGciOiJIUzI1NiIsInR5cCI6IkpXVCJ9.eyJlbWFpbCI6ImFsZXhAaHlwZXJza2lsbC5vcmcifQ.v1j3WkYqH1zb7vO6D7ylINhB47yp1HFrrmjYT8vwPO8
?[0m?[0;34muserEmail from Token = alex@hyperskill.org
?[0m?[0;34mcall.receiveText() = {
?[0m?[0;34m    "player1": "",
?[0m?[0;34m    "player2": "alex@hyperskill.org",
?[0m?[0;34m    "size": "3x6",
?[0m?[0;34m    "private": false
?[0m?[0;34m}, isBlank = false
?[0m?[0;34mnewGameSetup = NewGameSetupDeserializer(player1=, player2=alex@hyperskill.org, size=3x6, private=false)
?[0m?[0;34mfalse
?[0m?[0;34mAfter
?[0m?[0;34m18:17:08.813 [DefaultDispatcher-worker-3 @request#5] DEBUG Exposed - INSERT INTO GAMES (FIELD, GAME_ID, GAME_STATUS, PLAYER2, PRIVATE, "SIZE") VALUES ('[[" "," "," "," "," "," "],[" "," "," "," "," "," "],[" "," "," "," "," "," "]]', 2, 'New game started', 'alex@hyperskill.org', FALSE, '3x6')
?[0m?[0;34mgameDAO = tictactoeonline.models.GameDAO@f9fe69b
?[0m?[0;34mtry => successGamePathRespond = {"game_id":2,"status":"New game started","player1":"","player2":"alex@hyperskill.org","size":"3x6","private":false,"token":""}
?[0m?[0;34m18:17:08.961 [DefaultDispatcher-worker-3 @request#5] DEBUG Exposed - SELECT GAMES.ID, GAMES.GAME_ID, GAMES.GAME_STATUS, GAMES.FIELD, GAMES.PLAYER1, GAMES.PLAYER2, GAMES."SIZE", GAMES.PRIVATE, GAMES.TOKEN FROM GAMES
?[0m?[0;34mallGames = [((1, 1), (mira@hyperskill.org, null)), ((2, 2), (null, alex@hyperskill.org))]
?[0m?[0;34mNOW what
?[0m?[0;34m
?[0m?[0;34mpost("/game")
?[0m?[0;34m18:17:09.134 [DefaultDispatcher-worker-3 @request#9] DEBUG Exposed - SELECT USERS.ID, USERS.EMAIL, USERS.PASSWORD FROM USERS
?[0m?[0;34mallUser = []
?[0m?[0;34mjwtToken = eyJhbGciOiJIUzI1NiIsInR5cCI6IkpXVCJ9.eyJlbWFpbCI6ImFsZXhAaHlwZXJza2lsbC5vcmcifQ.v1j3WkYqH1zb7vO6D7ylINhB47yp1HFrrmjYT8vwPO8
?[0m?[0;34muserEmail from Token = alex@hyperskill.org
?[0m?[0;34mcall.receiveText() = {
?[0m?[0;34m    "player1": "",
?[0m?[0;34m    "player2": "alex@hyperskill.org",
?[0m?[0;34m    "size": "3x6",
?[0m?[0;34m    "private": true
?[0m?[0;34m}, isBlank = false
?[0m?[0;34mnewGameSetup = NewGameSetupDeserializer(player1=, player2=alex@hyperskill.org, size=3x6, private=true)
?[0m?[0;34mfalse
?[0m?[0;34mAfter
?[0m?[0;34m18:17:09.582 [DefaultDispatcher-worker-3 @request#9] DEBUG Exposed - INSERT INTO GAMES (FIELD, GAME_ID, GAME_STATUS, PLAYER2, PRIVATE, "SIZE", TOKEN) VALUES ('[[" "," "," "," "," "," "],[" "," "," "," "," "," "],[" "," "," "," "," "," "]]', 3, 'New game started', 'alex@hyperskill.org', TRUE, '3x6', 'kvKkOXvoDwzQYto3zTKSlBZ0cVc0W2Os')
?[0m?[0;34mgameDAO = tictactoeonline.models.GameDAO@7df9d966
?[0m?[0;34mtry => successGamePathRespond = {"game_id":3,"status":"New game started","player1":"","player2":"alex@hyperskill.org","size":"3x6","private":true,"token":"kvKkOXvoDwzQYto3zTKSlBZ0cVc0W2Os"}
?[0m?[0;34m18:17:09.695 [DefaultDispatcher-worker-3 @request#9] DEBUG Exposed - SELECT GAMES.ID, GAMES.GAME_ID, GAMES.GAME_STATUS, GAMES.FIELD, GAMES.PLAYER1, GAMES.PLAYER2, GAMES."SIZE", GAMES.PRIVATE, GAMES.TOKEN FROM GAMES
?[0m?[0;34mallGames = [((1, 1), (mira@hyperskill.org, null)), ((2, 2), (null, alex@hyperskill.org)), ((3, 3), (null, alex@hyperskill.org))]
?[0m?[0;34mNOW what
?[0;34m
?[0m?[0;34mpost("/game")
?[0m?[0;34m18:17:09.798 [DefaultDispatcher-worker-2 @request#13] DEBUG Exposed - SELECT USERS.ID, USERS.EMAIL, USERS.PASSWORD FROM USERS
?[0m?[0;34mallUser = []
?[0m?[0;34mjwtToken = eyJhbGciOiJIUzI1NiIsInR5cCI6IkpXVCJ9.eyJlbWFpbCI6ImFsZXhAaHlwZXJza2lsbC5vcmcifQ.v1j3WkYqH1zb7vO6D7ylINhB47yp1HFrrmjYT8vwPO8
?[0m?[0;34muserEmail from Token = alex@hyperskill.org
?[0m?[0;34mcall.receiveText() = {
?[0m?[0;34m    "player1": "",
?[0m?[0;34m    "player2": "alex@hyperskill.org",
?[0m?[0;34m    "size": "3x6",
?[0m?[0;34m    "private": true
?[0m?[0;34m}, isBlank = false
?[0m?[0;34mnewGameSetup = NewGameSetupDeserializer(player1=, player2=alex@hyperskill.org, size=3x6, private=true)
?[0m?[0;34mfalse
?[0m?[0;34mAfter
?[0m?[0;34m18:17:09.920 [DefaultDispatcher-worker-2 @request#13] DEBUG Exposed - INSERT INTO GAMES (FIELD, GAME_ID, GAME_STATUS, PLAYER2, PRIVATE, "SIZE", TOKEN) VALUES ('[[" "," "," "," "," "," "],[" "," "," "," "," "," "],[" "," "," "," "," "," "]]', 4, 'New game started', 'alex@hyperskill.org', TRUE, '3x6', 'q6MEaOCIFnij3q8vzYB6e4sSS44MlyFl')
?[0m?[0;34mgameDAO = tictactoeonline.models.GameDAO@23fb495c
?[0m?[0;34mtry => successGamePathRespond = {"game_id":4,"status":"New game started","player1":"","player2":"alex@hyperskill.org","size":"3x6","private":true,"token":"q6MEaOCIFnij3q8vzYB6e4sSS44MlyFl"}
?[0m?[0;34m18:17:10.005 [DefaultDispatcher-worker-2 @request#13] DEBUG Exposed - SELECT GAMES.ID, GAMES.GAME_ID, GAMES.GAME_STATUS, GAMES.FIELD, GAMES.PLAYER1, GAMES.PLAYER2, GAMES."SIZE", GAMES.PRIVATE, GAMES.TOKEN FROM GAMES
?[0m?[0;34mallGames = [((1, 1), (mira@hyperskill.org, null)), ((2, 2), (null, alex@hyperskill.org)), ((3, 3), (null, alex@hyperskill.org)), ((4, 4), (null, alex@hyperskill.org))]
?[0m?[0;34mNOW what
?[0m?[0;34m
?[0m?[0;34mpost("/game")
?[0m?[0;34m18:17:10.146 [DefaultDispatcher-worker-1 @request#17] DEBUG Exposed - SELECT USERS.ID, USERS.EMAIL, USERS.PASSWORD FROM USERS
?[0m?[0;34mallUser = []
?[0m?[0;34mjwtToken = eyJhbGciOiJIUzI1NiIsInR5cCI6IkpXVCJ9.eyJlbWFpbCI6ImFsZXhAaHlwZXJza2lsbC5vcmcifQ.v1j3WkYqH1zb7vO6D7ylINhB47yp1HFrrmjYT8vwPO8
?[0m?[0;34muserEmail from Token = alex@hyperskill.org
?[0m?[0;34mcall.receiveText() = {
?[0m?[0;34m    "player1": "",
?[0m?[0;34m    "player2": "alex@hyperskill.org",
?[0m?[0;34m    "size": "3x6",
?[0m?[0;34m    "private": true
?[0m?[0;34m}, isBlank = false
?[0m?[0;34mnewGameSetup = NewGameSetupDeserializer(player1=, player2=alex@hyperskill.org, size=3x6, private=true)
?[0m?[0;34mfalse
?[0m?[0;34mAfter
?[0m?[0;34m18:17:10.367 [DefaultDispatcher-worker-1 @request#17] DEBUG Exposed - INSERT INTO GAMES (FIELD, GAME_ID, GAME_STATUS, PLAYER2, PRIVATE, "SIZE", TOKEN) VALUES ('[[" "," "," "," "," "," "],[" "," "," "," "," "," "],[" "," "," "," "," "," "]]', 5, 'New game started', 'alex@hyperskill.org', TRUE, '3x6', 'AxZKCbLUuM6rAbJjS8CUQ5uJGPlhAWXW')
?[0m?[0;34mgameDAO = tictactoeonline.models.GameDAO@2a3736ff
?[0m?[0;34mtry => successGamePathRespond = {"game_id":5,"status":"New game started","player1":"","player2":"alex@hyperskill.org","size":"3x6","private":true,"token":"AxZKCbLUuM6rAbJjS8CUQ5uJGPlhAWXW"}
?[0m?[0;34m18:17:10.540 [DefaultDispatcher-worker-1 @request#17] DEBUG Exposed - SELECT GAMES.ID, GAMES.GAME_ID, GAMES.GAME_STATUS, GAMES.FIELD, GAMES.PLAYER1, GAMES.PLAYER2, GAMES."SIZE", GAMES.PRIVATE, GAMES.TOKEN FROM GAMES
?[0m?[0;34mallGames = [((1, 1), (mira@hyperskill.org, null)), ((2, 2), (null, alex@hyperskill.org)), ((3, 3), (null, alex@hyperskill.org)), ((4, 4), (null, alex@hyperskill.org)), ((5, 5), (null, alex@hyperskill.org))]
?[0m?[0;34mNOW what
?[0m?[0;34m
?[0m?[0;34mpost("/game")
?[0m?[0;34m18:17:10.943 [DefaultDispatcher-worker-1 @request#21] DEBUG Exposed - SELECT USERS.ID, USERS.EMAIL, USERS.PASSWORD FROM USERS
?[0m?[0;34mallUser = []
?[0m?[0;34mjwtToken = eyJhbGciOiJIUzI1NiIsInR5cCI6IkpXVCJ9.eyJlbWFpbCI6ImFsZXhAaHlwZXJza2lsbC5vcmcifQ.v1j3WkYqH1zb7vO6D7ylINhB47yp1HFrrmjYT8vwPO8
?[0m?[0;34muserEmail from Token = alex@hyperskill.org
?[0m?[0;34mcall.receiveText() = {
?[0m?[0;34m    "player1": "",
?[0m?[0;34m    "player2": "alex@hyperskill.org",
?[0m?[0;34m    "size": "3x6",
?[0m?[0;34m    "private": true
?[0m?[0;34m}, isBlank = false
?[0m?[0;34mnewGameSetup = NewGameSetupDeserializer(player1=, player2=alex@hyperskill.org, size=3x6, private=true)
?[0m?[0;34mfalse
?[0m?[0;34mAfter
?[0m?[0;34m18:17:11.074 [DefaultDispatcher-worker-1 @request#21] DEBUG Exposed - INSERT INTO GAMES (FIELD, GAME_ID, GAME_STATUS, PLAYER2, PRIVATE, "SIZE", TOKEN) VALUES ('[[" "," "," "," "," "," "],[" "," "," "," "," "," "],[" "," "," "," "," "," "]]', 6, 'New game started', 'alex@hyperskill.org', TRUE, '3x6', 'jr7HmkRULqc9H9A9qFMCmrjJ8VtwsRge')
?[0m?[0;34mgameDAO = tictactoeonline.models.GameDAO@176162cd
?[0m?[0;34mtry => successGamePathRespond = {"game_id":6,"status":"New game started","player1":"","player2":"alex@hyperskill.org","size":"3x6","private":true,"token":"jr7HmkRULqc9H9A9qFMCmrjJ8VtwsRge"}
?[0m?[0;34m18:17:11.181 [DefaultDispatcher-worker-1 @request#21] DEBUG Exposed - SELECT GAMES.ID, GAMES.GAME_ID, GAMES.GAME_STATUS, GAMES.FIELD, GAMES.PLAYER1, GAMES.PLAYER2, GAMES."SIZE", GAMES.PRIVATE, GAMES.TOKEN FROM GAMES
?[0m?[0;34mallGames = [((1, 1), (mira@hyperskill.org, null)), ((2, 2), (null, alex@hyperskill.org)), ((3, 3), (null, alex@hyperskill.org)), ((4, 4), (null, alex@hyperskill.org)), ((5, 5), (null, alex@hyperskill.org)), ((6, 6), (null, alex@hyperskill.org))]
?[0m?[0;34mNOW what
?[0m?[0;34m
?[0m?[0;34mpost("/game")
?[0m?[0;34m18:17:11.290 [DefaultDispatcher-worker-1 @request#25] DEBUG Exposed - SELECT USERS.ID, USERS.EMAIL, USERS.PASSWORD FROM USERS
?[0m?[0;34mallUser = []
?[0m?[0;34mjwtToken = eyJhbGciOiJIUzI1NiIsInR5cCI6IkpXVCJ9.eyJlbWFpbCI6ImFsZXhAaHlwZXJza2lsbC5vcmcifQ.v1j3WkYqH1zb7vO6D7ylINhB47yp1HFrrmjYT8vwPO8
?[0m?[0;34muserEmail from Token = alex@hyperskill.org
?[0m?[0;34mcall.receiveText() = {
?[0m?[0;34m    "player1": "",
?[0m?[0;34m    "player2": "alex@hyperskill.org",
?[0m?[0;34m    "size": "3x6",
?[0m?[0;34m    "private": true
?[0m?[0;34m}, isBlank = false
?[0m?[0;34mnewGameSetup = NewGameSetupDeserializer(player1=, player2=alex@hyperskill.org, size=3x6, private=true)
?[0m?[0;34mfalse
?[0m?[0;34mAfter
?[0m?[0;34m18:17:11.414 [DefaultDispatcher-worker-1 @request#25] DEBUG Exposed - INSERT INTO GAMES (FIELD, GAME_ID, GAME_STATUS, PLAYER2, PRIVATE, "SIZE", TOKEN) VALUES ('[[" "," "," "," "," "," "],[" "," "," "," "," "," "],[" "," "," "," "," "," "]]', 7, 'New game started', 'alex@hyperskill.org', TRUE, '3x6', 'Jtrp1Nf12DLQ4tfS7W3FZBfW6qO3qDpB')
?[0m?[0;34mgameDAO = tictactoeonline.models.GameDAO@4d087a09
?[0m?[0;34mtry => successGamePathRespond = {"game_id":7,"status":"New game started","player1":"","player2":"alex@hyperskill.org","size":"3x6","private":true,"token":"Jtrp1Nf12DLQ4tfS7W3FZBfW6qO3qDpB"}
?[0m?[0;34m18:17:11.553 [DefaultDispatcher-worker-1 @request#25] DEBUG Exposed - SELECT GAMES.ID, GAMES.GAME_ID, GAMES.GAME_STATUS, GAMES.FIELD, GAMES.PLAYER1, GAMES.PLAYER2, GAMES."SIZE", GAMES.PRIVATE, GAMES.TOKEN FROM GAMES
?[0m?[0;34mallGames = [((1, 1), (mira@hyperskill.org, null)), ((2, 2), (null, alex@hyperskill.org)), ((3, 3), (null, alex@hyperskill.org)), ((4, 4), (null, alex@hyperskill.org)), ((5, 5), (null, alex@hyperskill.org)), ((6, 6), (null, alex@hyperskill.org)), ((7, 7), (null, alex@hyperskill.org))]
?[0m?[0;34mNOW what
?[0m?[0;34m
?[0m?[0;34mpost("/game")
?[0m?[0;34m18:17:11.682 [DefaultDispatcher-worker-1 @request#29] DEBUG Exposed - SELECT USERS.ID, USERS.EMAIL, USERS.PASSWORD FROM USERS
?[0m?[0;34mallUser = []
?[0m?[0;34mjwtToken = eyJhbGciOiJIUzI1NiIsInR5cCI6IkpXVCJ9.eyJlbWFpbCI6ImFsZXhAaHlwZXJza2lsbC5vcmcifQ.v1j3WkYqH1zb7vO6D7ylINhB47yp1HFrrmjYT8vwPO8
?[0m?[0;34muserEmail from Token = alex@hyperskill.org
?[0m?[0;34mcall.receiveText() = {
?[0m?[0;34m    "player1": "",
?[0m?[0;34m    "player2": "alex@hyperskill.org",
?[0m?[0;34m    "size": "3x6",
?[0m?[0;34m    "private": true
?[0m?[0;34m}, isBlank = false
?[0m?[0;34mnewGameSetup = NewGameSetupDeserializer(player1=, player2=alex@hyperskill.org, size=3x6, private=true)
?[0m?[0;34mfalse
?[0m?[0;34mAfter
?[0m?[0;34m18:17:11.781 [DefaultDispatcher-worker-1 @request#29] DEBUG Exposed - INSERT INTO GAMES (FIELD, GAME_ID, GAME_STATUS, PLAYER2, PRIVATE, "SIZE", TOKEN) VALUES ('[[" "," "," "," "," "," "],[" "," "," "," "," "," "],[" "," "," "," "," "," "]]', 8, 'New game started', 'alex@hyperskill.org', TRUE, '3x6', 'iaIJEG5FOaHSGoWgZTBWAie09uL05oHq')
?[0m?[0;34mgameDAO = tictactoeonline.models.GameDAO@1c8532
?[0m?[0;34mtry => successGamePathRespond = {"game_id":8,"status":"New game started","player1":"","player2":"alex@hyperskill.org","size":"3x6","private":true,"token":"iaIJEG5FOaHSGoWgZTBWAie09uL05oHq"}
?[0m?[0;34m18:17:12.413 [DefaultDispatcher-worker-1 @request#29] DEBUG Exposed - SELECT GAMES.ID, GAMES.GAME_ID, GAMES.GAME_STATUS, GAMES.FIELD, GAMES.PLAYER1, GAMES.PLAYER2, GAMES."SIZE", GAMES.PRIVATE, GAMES.TOKEN FROM GAMES
?[0m?[0;34mallGames = [((1, 1), (mira@hyperskill.org, null)), ((2, 2), (null, alex@hyperskill.org)), ((3, 3), (null, alex@hyperskill.org)), ((4, 4), (null, alex@hyperskill.org)), ((5, 5), (null, alex@hyperskill.org)), ((6, 6), (null, alex@hyperskill.org)), ((7, 7), (null, alex@hyperskill.org)), ((8, 8), (null, alex@hyperskill.org))]
?[0m?[0;34mNOW what
?[0m?[0;34m
?[0m?[0;34mpost("/game")
?[0m?[0;34m18:17:12.743 [DefaultDispatcher-worker-1 @request#33] DEBUG Exposed - SELECT USERS.ID, USERS.EMAIL, USERS.PASSWORD FROM USERS
?[0m?[0;34mallUser = []
?[0m?[0;34mjwtToken = eyJhbGciOiJIUzI1NiIsInR5cCI6IkpXVCJ9.eyJlbWFpbCI6ImFsZXhAaHlwZXJza2lsbC5vcmcifQ.v1j3WkYqH1zb7vO6D7ylINhB47yp1HFrrmjYT8vwPO8
?[0m?[0;34muserEmail from Token = alex@hyperskill.org
?[0m?[0;34mcall.receiveText() = {
?[0m?[0;34m    "player1": "",
?[0m?[0;34m    "player2": "alex@hyperskill.org",
?[0m?[0;34m    "size": "3x6",
?[0m?[0;34m    "private": true
?[0m?[0;34m}, isBlank = false
?[0m?[0;34mnewGameSetup = NewGameSetupDeserializer(player1=, player2=alex@hyperskill.org, size=3x6, private=true)
?[0m?[0;34mfalse
?[0m?[0;34mAfter
?[0m?[0;34m18:17:12.903 [DefaultDispatcher-worker-1 @request#33] DEBUG Exposed - INSERT INTO GAMES (FIELD, GAME_ID, GAME_STATUS, PLAYER2, PRIVATE, "SIZE", TOKEN) VALUES ('[[" "," "," "," "," "," "],[" "," "," "," "," "," "],[" "," "," "," "," "," "]]', 9, 'New game started', 'alex@hyperskill.org', TRUE, '3x6', 'I6sxne9PV8pALQL0zz1Zv6bdoRb4R4iC')
?[0m?[0;34mgameDAO = tictactoeonline.models.GameDAO@23d9f142
?[0m?[0;34mtry => successGamePathRespond = {"game_id":9,"status":"New game started","player1":"","player2":"alex@hyperskill.org","size":"3x6","private":true,"token":"I6sxne9PV8pALQL0zz1Zv6bdoRb4R4iC"}
?[0m?[0;34m18:17:13.056 [DefaultDispatcher-worker-1 @request#33] DEBUG Exposed - SELECT GAMES.ID, GAMES.GAME_ID, GAMES.GAME_STATUS, GAMES.FIELD, GAMES.PLAYER1, GAMES.PLAYER2, GAMES."SIZE", GAMES.PRIVATE, GAMES.TOKEN FROM GAMES
?[0m?[0;34mallGames = [((1, 1), (mira@hyperskill.org, null)), ((2, 2), (null, alex@hyperskill.org)), ((3, 3), (null, alex@hyperskill.org)), ((4, 4), (null, alex@hyperskill.org)), ((5, 5), (null, alex@hyperskill.org)), ((6, 6), (null, alex@hyperskill.org)), ((7, 7), (null, alex@hyperskill.org)), ((8, 8), (null, alex@hyperskill.org)), ((9, 9), (null, alex@hyperskill.org))]
?[0m?[0;34mNOW what
?[0m?[0;34m
?[0m?[0;34mpost("/game")
?[0m?[0;34m18:17:13.156 [DefaultDispatcher-worker-1 @request#37] DEBUG Exposed - SELECT USERS.ID, USERS.EMAIL, USERS.PASSWORD FROM USERS
?[0m?[0;34mallUser = []
?[0m?[0;34mjwtToken = eyJhbGciOiJIUzI1NiIsInR5cCI6IkpXVCJ9.eyJlbWFpbCI6ImFsZXhAaHlwZXJza2lsbC5vcmcifQ.v1j3WkYqH1zb7vO6D7ylINhB47yp1HFrrmjYT8vwPO8
?[0m?[0;34muserEmail from Token = alex@hyperskill.org
?[0m?[0;34mcall.receiveText() = {
?[0m?[0;34m    "player1": "",
?[0m?[0;34m    "player2": "alex@hyperskill.org",
?[0m?[0;34m    "size": "3x6",
?[0m?[0;34m    "private": true
?[0m?[0;34m}, isBlank = false
?[0m?[0;34mnewGameSetup = NewGameSetupDeserializer(player1=, player2=alex@hyperskill.org, size=3x6, private=true)
?[0m?[0;34mfalse
?[0m?[0;34mAfter
?[0m?[0;34m18:17:13.318 [DefaultDispatcher-worker-1 @request#37] DEBUG Exposed - INSERT INTO GAMES (FIELD, GAME_ID, GAME_STATUS, PLAYER2, PRIVATE, "SIZE", TOKEN) VALUES ('[[" "," "," "," "," "," "],[" "," "," "," "," "," "],[" "," "," "," "," "," "]]', 10, 'New game started', 'alex@hyperskill.org', TRUE, '3x6', 'zjXDnUEcJXaTqcj2ON49fyIDNAyJAybN')
?[0m?[0;34mgameDAO = tictactoeonline.models.GameDAO@28edf74c
?[0m?[0;34mtry => successGamePathRespond = {"game_id":10,"status":"New game started","player1":"","player2":"alex@hyperskill.org","size":"3x6","private":true,"token":"zjXDnUEcJXaTqcj2ON49fyIDNAyJAybN"}
?[0m?[0;34m18:17:13.446 [DefaultDispatcher-worker-1 @request#37] DEBUG Exposed - SELECT GAMES.ID, GAMES.GAME_ID, GAMES.GAME_STATUS, GAMES.FIELD, GAMES.PLAYER1, GAMES.PLAYER2, GAMES."SIZE", GAMES.PRIVATE, GAMES.TOKEN FROM GAMES
?[0m?[0;34mallGames = [((1, 1), (mira@hyperskill.org, null)), ((2, 2), (null, alex@hyperskill.org)), ((3, 3), (null, alex@hyperskill.org)), ((4, 4), (null, alex@hyperskill.org)), ((5, 5), (null, alex@hyperskill.org)), ((6, 6), (null, alex@hyperskill.org)), ((7, 7), (null, alex@hyperskill.org)), ((8, 8), (null, alex@hyperskill.org)), ((9, 9), (null, alex@hyperskill.org)), ((10, 10), (null, alex@hyperskill.org))]
?[0m?[0;34mNOW what
?[0m?[0;34m
?[0m?[0;34mpost("/game")
?[0m?[0;34m18:17:13.564 [DefaultDispatcher-worker-1 @request#41] DEBUG Exposed - SELECT USERS.ID, USERS.EMAIL, USERS.PASSWORD FROM USERS
?[0m?[0;34mallUser = []
?[0m?[0;34mjwtToken = eyJhbGciOiJIUzI1NiIsInR5cCI6IkpXVCJ9.eyJlbWFpbCI6ImFsZXhAaHlwZXJza2lsbC5vcmcifQ.v1j3WkYqH1zb7vO6D7ylINhB47yp1HFrrmjYT8vwPO8
?[0m?[0;34muserEmail from Token = alex@hyperskill.org
?[0m?[0;34mcall.receiveText() = {
?[0m?[0;34m    "player1": "",
?[0m?[0;34m    "player2": "alex@hyperskill.org",
?[0m?[0;34m    "size": "11x6",
?[0m?[0;34m    "private": false
?[0m?[0;34m}, isBlank = false
?[0m?[0;34mnewGameSetup = NewGameSetupDeserializer(player1=, player2=alex@hyperskill.org, size=11x6, private=false)
?[0m?[0;34mfalse
?[0m?[0;34mAfter
?[0m?[0;34m18:17:13.657 [DefaultDispatcher-worker-1 @request#41] DEBUG Exposed - INSERT INTO GAMES (FIELD, GAME_ID, GAME_STATUS, PLAYER2, PRIVATE, "SIZE") VALUES ('[[" "," "," "," "," "," "],[" "," "," "," "," "," "],[" "," "," "," "," "," "],[" "," "," "," "," "," "],[" "," "," "," "," "," "],[" "," "," "," "," "," "],[" "," "," "," "," "," "],[" "," "," "," "," "," "],[" "," "," "," "," "," "],[" "," "," "," "," "," "],[" "," "," "," "," "," "]]', 11, 'New game started', 'alex@hyperskill.org', FALSE, '11x6')
?[0m?[0;34mgameDAO = tictactoeonline.models.GameDAO@28e538ae
?[0m?[0;34mtry => successGamePathRespond = {"game_id":11,"status":"New game started","player1":"","player2":"alex@hyperskill.org","size":"11x6","private":false,"token":""}
?[0m?[0;34m18:17:13.780 [DefaultDispatcher-worker-1 @request#41] DEBUG Exposed - SELECT GAMES.ID, GAMES.GAME_ID, GAMES.GAME_STATUS, GAMES.FIELD, GAMES.PLAYER1, GAMES.PLAYER2, GAMES."SIZE", GAMES.PRIVATE, GAMES.TOKEN FROM GAMES
?[0m?[0;34mallGames = [((1, 1), (mira@hyperskill.org, null)), ((2, 2), (null, alex@hyperskill.org)), ((3, 3), (null, alex@hyperskill.org)), ((4, 4), (null, alex@hyperskill.org)), ((5, 5), (null, alex@hyperskill.org)), ((6, 6), (null, alex@hyperskill.org)), ((7, 7), (null, alex@hyperskill.org)), ((8, 8), (null, alex@hyperskill.org)), ((9, 9), (null, alex@hyperskill.org)), ((10, 10), (null, alex@hyperskill.org)), ((11, 11), (null, alex@hyperskill.org))]
?[0m?[0;34mNOW what
?[0m?[0;34m
?[0m?[0;34mpost("/game")
?[0m?[0;34m18:17:13.890 [DefaultDispatcher-worker-1 @request#45] DEBUG Exposed - SELECT USERS.ID, USERS.EMAIL, USERS.PASSWORD FROM USERS
?[0m?[0;34mallUser = []
?[0m?[0;34mjwtToken = eyJhbGciOiJIUzI1NiIsInR5cCI6IkpXVCJ9.eyJlbWFpbCI6ImFsZXhAaHlwZXJza2lsbC5vcmcifQ.v1j3WkYqH1zb7vO6D7ylINhB47yp1HFrrmjYT8vwPO8
?[0m?[0;34muserEmail from Token = alex@hyperskill.org
?[0m?[0;34mcall.receiveText() = {
?[0m?[0;34m    "player1": "",
?[0m?[0;34m    "player2": "alex@hyperskill.org",
?[0m?[0;34m    "size": "12x6",
?[0m?[0;34m    "private": false
?[0m?[0;34m}, isBlank = false
?[0m?[0;34mnewGameSetup = NewGameSetupDeserializer(player1=, player2=alex@hyperskill.org, size=12x6, private=false)
?[0m?[0;34mfalse
?[0m?[0;34mAfter
?[0m?[0;34m18:17:14.001 [DefaultDispatcher-worker-1 @request#45] DEBUG Exposed - INSERT INTO GAMES (FIELD, GAME_ID, GAME_STATUS, PLAYER2, PRIVATE, "SIZE") VALUES ('[[" "," "," "," "," "," "],[" "," "," "," "," "," "],[" "," "," "," "," "," "],[" "," "," "," "," "," "],[" "," "," "," "," "," "],[" "," "," "," "," "," "],[" "," "," "," "," "," "],[" "," "," "," "," "," "],[" "," "," "," "," "," "],[" "," "," "," "," "," "],[" "," "," "," "," "," "],[" "," "," "," "," "," "]]', 12, 'New game started', 'alex@hyperskill.org', FALSE, '12x6')
?[0m?[0;34mgameDAO = tictactoeonline.models.GameDAO@c27847b
?[0m?[0;34mtry => successGamePathRespond = {"game_id":12,"status":"New game started","player1":"","player2":"alex@hyperskill.org","size":"12x6","private":false,"token":""}
?[0m?[0;34m18:17:14.087 [DefaultDispatcher-worker-1 @request#45] DEBUG Exposed - SELECT GAMES.ID, GAMES.GAME_ID, GAMES.GAME_STATUS, GAMES.FIELD, GAMES.PLAYER1, GAMES.PLAYER2, GAMES."SIZE", GAMES.PRIVATE, GAMES.TOKEN FROM GAMES
?[0m?[0;34mallGames = [((1, 1), (mira@hyperskill.org, null)), ((2, 2), (null, alex@hyperskill.org)), ((3, 3), (null, alex@hyperskill.org)), ((4, 4), (null, alex@hyperskill.org)), ((5, 5), (null, alex@hyperskill.org)), ((6, 6), (null, alex@hyperskill.org)), ((7, 7), (null, alex@hyperskill.org)), ((8, 8), (null, alex@hyperskill.org)), ((9, 9), (null, alex@hyperskill.org)), ((10, 10), (null, alex@hyperskill.org)), ((11, 11), (null, alex@hyperskill.org)), ((12, 12), (null, alex@hyperskill.org))]
?[0m?[0;34mNOW what
?[0m?[0;34m
?[0m?[0;34mget("/games")
?[0m?[0;34mpageParam=0, pageSize=10
?[0m?[0;34m18:17:14.190 [DefaultDispatcher-worker-1 @request#49] DEBUG Exposed - SELECT COUNT(*) FROM GAMES
?[0m?[0;34mtotalGamesCount=12, totalPages=2
?[0m?[0;34m18:17:14.275 [DefaultDispatcher-worker-1 @request#49] DEBUG Exposed - SELECT GAMES.ID, GAMES.GAME_ID, GAMES.GAME_STATUS, GAMES.FIELD, GAMES.PLAYER1, GAMES.PLAYER2, GAMES."SIZE", GAMES.PRIVATE, GAMES.TOKEN FROM GAMES LIMIT 10
?[0m?[0;34mregisteredGames = [GameRegistrar(game_id=1, player1=mira@hyperskill.org, player2=, size=4x3, private=false), GameRegistrar(game_id=2, player1=, player2=alex@hyperskill.org, size=3x6, private=false), GameRegistrar(game_id=3, player1=, player2=alex@hyperskill.org, size=3x6, private=true), GameRegistrar(game_id=4, player1=, player2=alex@hyperskill.org, size=3x6, private=true), GameRegistrar(game_id=5, player1=, player2=alex@hyperskill.org, size=3x6, private=true), GameRegistrar(game_id=6, player1=, player2=alex@hyperskill.org, size=3x6, private=true), GameRegistrar(game_id=7, player1=, player2=alex@hyperskill.org, size=3x6, private=true), GameRegistrar(game_id=8, player1=, player2=alex@hyperskill.org, size=3x6, private=true), GameRegistrar(game_id=9, player1=, player2=alex@hyperskill.org, size=3x6, private=true), GameRegistrar(game_id=10, player1=, player2=alex@hyperskill.org, size=3x6, private=true)]
?[0m?[0;34mresponse = {"totalPages":2,"totalElements":12,"page":0,"size":10,"numberOfElements":10,"content":[{"game_id":1,"player1":"mira@hyperskill.org","player2":"","size":"4x3","private":false},{"game_id":2,"player1":"","player2":"alex@hyperskill.org","size":"3x6","private":false},{"game_id":3,"player1":"","player2":"alex@hyperskill.org","size":"3x6","private":true},{"game_id":4,"player1":"","player2":"alex@hyperskill.org","size":"3x6","private":true},{"game_id":5,"player1":"","player2":"alex@hyperskill.org","size":"3x6","private":true},{"game_id":6,"player1":"","player2":"alex@hyperskill.org","size":"3x6","private":true},{"game_id":7,"player1":"","player2":"alex@hyperskill.org","size":"3x6","private":true},{"game_id":8,"player1":"","player2":"alex@hyperskill.org","size":"3x6","private":true},{"game_id":9,"player1":"","player2":"alex@hyperskill.org","size":"3x6","private":true},{"game_id":10,"player1":"","player2":"alex@hyperskill.org","size":"3x6","private":true}]}
?[0;34m
?[0m?[0;34mget("/games")
?[0m?[0;34mpageParam=1, pageSize=10
?[0m?[0;34m18:17:14.393 [DefaultDispatcher-worker-4 @request#53] DEBUG Exposed - SELECT COUNT(*) FROM GAMES
?[0m?[0;34mtotalGamesCount=12, totalPages=2
?[0m?[0;34m18:17:14.481 [DefaultDispatcher-worker-4 @request#53] DEBUG Exposed - SELECT GAMES.ID, GAMES.GAME_ID, GAMES.GAME_STATUS, GAMES.FIELD, GAMES.PLAYER1, GAMES.PLAYER2, GAMES."SIZE", GAMES.PRIVATE, GAMES.TOKEN FROM GAMES LIMIT 10 OFFSET 10
?[0m?[0;34mregisteredGames = [GameRegistrar(game_id=11, player1=, player2=alex@hyperskill.org, size=11x6, private=false), GameRegistrar(game_id=12, player1=, player2=alex@hyperskill.org, size=12x6, private=false)]
?[0m?[0;34mresponse = {"totalPages":2,"totalElements":12,"page":1,"size":10,"numberOfElements":2,"content":[{"game_id":11,"player1":"","player2":"alex@hyperskill.org","size":"11x6","private":false},{"game_id":12,"player1":"","player2":"alex@hyperskill.org","size":"12x6","private":false}]}
?[0m?[0;34m
?[0m?[0;34mget("/games/my")
?[0m?[0;34mpageParam=1, pageSize=10
?[0m?[0;34m18:17:14.645 [DefaultDispatcher-worker-2 @request#57] DEBUG Exposed - SELECT COUNT(*) FROM GAMES
?[0m?[0;34mtotalGamesCount=12, totalPages=2
?[0m?[0;34mjwtToken = eyJhbGciOiJIUzI1NiIsInR5cCI6IkpXVCJ9.eyJlbWFpbCI6ImFsZXhAaHlwZXJza2lsbC5vcmcifQ.v1j3WkYqH1zb7vO6D7ylINhB47yp1HFrrmjYT8vwPO8
?[0m?[0;34muserEmail from Token = alex@hyperskill.org
?[0m?[0;34m18:17:14.767 [DefaultDispatcher-worker-2 @request#57] DEBUG Exposed - SELECT COUNT(*) FROM GAMES WHERE (GAMES.PLAYER1 = 'alex@hyperskill.org') OR (GAMES.PLAYER2 = 'alex@hyperskill.org')
?[0m?[0;34m18:17:14.771 [DefaultDispatcher-worker-2 @request#57] DEBUG Exposed - SELECT GAMES.ID, GAMES.GAME_ID, GAMES.GAME_STATUS, GAMES.FIELD, GAMES.PLAYER1, GAMES.PLAYER2, GAMES."SIZE", GAMES.PRIVATE, GAMES.TOKEN FROM GAMES WHERE (GAMES.PLAYER1 = 'alex@hyperskill.org') OR (GAMES.PLAYER2 = 'alex@hyperskill.org') LIMIT 10 OFFSET 10
?[0m?[0;34mregisteredGames = [MyGameRegistrar(game_id=12, game_status=game not started, field=[[ ,  ,  ,  ,  ,  ], [ ,  ,  ,  ,  ,  ], [ ,  ,  ,  ,  ,  ], [ ,  ,  ,  ,  ,  ], [ ,  ,  ,  ,  ,  ], [ ,  ,  ,  ,  ,  ], [ ,  ,  ,  ,  ,  ], [ ,  ,  ,  ,  ,  ], [ ,  ,  ,  ,  ,  ], [ ,  ,  ,  ,  ,  ], [ ,  ,  ,  ,  ,  ], [ ,  ,  ,  ,  ,  ]], player1=, player2=alex@hyperskill.org, size=12x6, private=false, token=)]
?[0m?[0;34mresponse = {"totalPages":2,"totalElements":11,"page":1,"size":10,"numberOfElements":1,"content":[{"game_id":12,"game_status":"game not started","field":[[" "," "," "," "," "," "],[" "," "," "," "," "," "],[" "," "," "," "," "," "],[" "," "," "," "," "," "],[" "," "," "," "," "," "],[" "," "," "," "," "," "],[" "," "," "," "," "," "],[" "," "," "," "," "," "],[" "," "," "," "," "," "],[" "," "," "," "," "," "],[" "," "," "," "," "," "],[" "," "," "," "," "," "]],"player1":"","player2":"alex@hyperskill.org","size":"12x6","private":false,"token":""}]}
?[0m?[0;34m
?[0m?[0;34mpost("/game/2/join/null")
?[0m?[0;34m18:17:14.913 [DefaultDispatcher-worker-2 @request#61] DEBUG Exposed - SELECT GAMES.ID, GAMES.GAME_ID, GAMES.GAME_STATUS, GAMES.FIELD, GAMES.PLAYER1, GAMES.PLAYER2, GAMES."SIZE", GAMES.PRIVATE, GAMES.TOKEN FROM GAMES
?[0m?[0;34mGame: game_id=2, player1=null, player2=alex@hyperskill.org, token=null
?[0m?[0;34memail from token = mira@hyperskill.org
?[0m?[0;34m18:17:15.046 [DefaultDispatcher-worker-2 @request#61] DEBUG Exposed - SELECT GAMES.ID, GAMES.GAME_ID, GAMES.GAME_STATUS, GAMES.FIELD, GAMES.PLAYER1, GAMES.PLAYER2, GAMES."SIZE", GAMES.PRIVATE, GAMES.TOKEN FROM GAMES WHERE GAMES.ID = 2
?[0m?[0;34m18:17:15.084 [DefaultDispatcher-worker-2 @request#61] DEBUG Exposed - UPDATE GAMES SET PLAYER1='mira@hyperskill.org' WHERE ID = 2
?[0m?[0;34mplayerAdded : game_id=2, player1=mira@hyperskill.org, player2=alex@hyperskill.org, token=null
?[0m?[0;34m18:17:15.217 [DefaultDispatcher-worker-2 @request#61] DEBUG Exposed - SELECT GAMES.ID, GAMES.GAME_ID, GAMES.GAME_STATUS, GAMES.FIELD, GAMES.PLAYER1, GAMES.PLAYER2, GAMES."SIZE", GAMES.PRIVATE, GAMES.TOKEN FROM GAMES WHERE GAMES.ID = 2
?[0m?[0;34m18:17:15.218 [DefaultDispatcher-worker-2 @request#61] DEBUG Exposed - UPDATE GAMES SET GAME_STATUS='1st player''s move' WHERE ID = 2
?[0m?[0;34mstatusUpdated : game_id=2, player1=mira@hyperskill.org, player2=alex@hyperskill.org, token=null
?[0m?[0;34m
?[0m?[0;34mget("/games/my")
?[0m?[0;34mpageParam=0, pageSize=10
?[0m?[0;34m18:17:15.346 [DefaultDispatcher-worker-2 @request#65] DEBUG Exposed - SELECT COUNT(*) FROM GAMES
?[0m?[0;34mtotalGamesCount=12, totalPages=2
?[0m?[0;34mjwtToken = eyJhbGciOiJIUzI1NiIsInR5cCI6IkpXVCJ9.eyJlbWFpbCI6Im1pcmFAaHlwZXJza2lsbC5vcmcifQ.5_G2rDHUYjJFzrqih0HXGuNTxxQMo6S5A0YFdFD9J8Q
?[0m?[0;34muserEmail from Token = mira@hyperskill.org
?[0m?[0;34m18:17:15.450 [DefaultDispatcher-worker-2 @request#65] DEBUG Exposed - SELECT COUNT(*) FROM GAMES WHERE (GAMES.PLAYER1 = 'mira@hyperskill.org') OR (GAMES.PLAYER2 = 'mira@hyperskill.org')
?[0m?[0;34m18:17:15.455 [DefaultDispatcher-worker-2 @request#65] DEBUG Exposed - SELECT GAMES.ID, GAMES.GAME_ID, GAMES.GAME_STATUS, GAMES.FIELD, GAMES.PLAYER1, GAMES.PLAYER2, GAMES."SIZE", GAMES.PRIVATE, GAMES.TOKEN FROM GAMES WHERE (GAMES.PLAYER1 = 'mira@hyperskill.org') OR (GAMES.PLAYER2 = 'mira@hyperskill.org') LIMIT 10
?[0m?[0;34mregisteredGames = [MyGameRegistrar(game_id=1, game_status=game not started, field=[[ ,  ,  ], [ ,  ,  ], [ ,  ,  ], [ ,  ,  ]], player1=mira@hyperskill.org, player2=, size=4x3, private=false, token=), MyGameRegistrar(game_id=2, game_status=1st player's move, field=[[ ,  ,  ,  ,  ,  ], [ ,  ,  ,  ,  ,  ], [ ,  ,  ,  ,  ,  ]], player1=mira@hyperskill.org, player2=alex@hyperskill.org, size=3x6, private=false, token=)]
?[0m?[0;34mresponse = {"totalPages":1,"totalElements":2,"page":0,"size":10,"numberOfElements":2,"content":[{"game_id":1,"game_status":"game not started","field":[[" "," "," "],[" "," "," "],[" "," "," "],[" "," "," "]],"player1":"mira@hyperskill.org","player2":"","size":"4x3","private":false,"token":""},{"game_id":2,"game_status":"1st player's move","field":[[" "," "," "," "," "," "],[" "," "," "," "," "," "],[" "," "," "," "," "," "]],"player1":"mira@hyperskill.org","player2":"alex@hyperskill.org","size":"3x6","private":false,"token":""}]}
]]></system-out>
  <system-err><![CDATA[]]></system-err>
</testsuite>
